<?xml version="1.0" encoding="UTF-8"?>
<!-- Generated by org.testng.reporters.JUnitReportReporter -->
<testsuite hostname="DESKTOP-RK99LK2" name="com.qa.hubspot.tests.ContactsPageTest" tests="2" failures="0" timestamp="1 Sep 2019 22:34:13 GMT" time="72.709" errors="0">
  <testcase name="createNewContactTest" time="40.509" classname="com.qa.hubspot.tests.ContactsPageTest"/>
  <testcase name="verifyContactsPageTitleTest" time="32.200" classname="com.qa.hubspot.tests.ContactsPageTest"/>
</testsuite> <!-- com.qa.hubspot.tests.ContactsPageTest -->
