<?xml version="1.0" encoding="UTF-8"?>
<!-- Generated by org.testng.reporters.JUnitReportReporter -->
<testsuite hostname="DESKTOP-RK99LK2" name="com.qa.hubspot.tests.LoginTests" tests="2" failures="0" timestamp="29 Aug 2019 18:25:02 GMT" time="25.907" errors="0">
  <testcase name="loginTest" time="11.778" classname="com.qa.hubspot.tests.LoginTests"/>
  <testcase name="loginTitleTest" time="14.129" classname="com.qa.hubspot.tests.LoginTests"/>
</testsuite> <!-- com.qa.hubspot.tests.LoginTests -->
