<?xml version="1.0" encoding="UTF-8"?>
<!-- Generated by org.testng.reporters.JUnitReportReporter -->
<testsuite hostname="DESKTOP-RK99LK2" name="com.qa.hubspot.tests.HomePageTest" tests="3" failures="0" timestamp="4 Sep 2019 16:12:25 GMT" time="55.613" errors="0">
  <testcase name="verifyHomePageTitleTest" time="17.374" classname="com.qa.hubspot.tests.HomePageTest"/>
  <testcase name="verifyHomePageHeaderTest" time="18.248" classname="com.qa.hubspot.tests.HomePageTest"/>
  <testcase name="verifyLoggedInUserAccountTest" time="19.991" classname="com.qa.hubspot.tests.HomePageTest"/>
</testsuite> <!-- com.qa.hubspot.tests.HomePageTest -->
